Added Component: Designator=R9(R0603)
Add component (AddParameter): Name = "Digikey Part"; Value = ""; VariantName = "[No Variations]"
Add component (AddParameter): Name = "LCSC Part"; Value = ""; VariantName = "[No Variations]"
Add component (AddParameter): Name = "MF"; Value = ""; VariantName = "[No Variations]"
Add component (AddParameter): Name = "Mouser Part"; Value = ""; VariantName = "[No Variations]"
Add component (AddParameter): Name = "MP"; Value = ""; VariantName = "[No Variations]"
Add component (AddParameter): Name = "Package"; Value = "0603"; VariantName = "[No Variations]"
Add component (AddParameter): Name = "Value"; Value = "1K"; VariantName = "[No Variations]"
Add Component: Footprint Not Found EVQPUC02K
Add Component: Footprint Not Found EVQPUC02K
Added Pin To Net: NetName=Buzzer Pin=R9-1
Added Pin To Net: NetName=NetQ1_2 Pin=R9-2
Add Pin To Net: Unknown Pin: Pin S1-1
Add Pin To Net: Unknown Pin: Pin S1-2
Add Pin To Net: Unknown Pin: Pin S1-3
Add Pin To Net: Unknown Pin: Pin S1-4
Add Pin To Net: Unknown Pin: Pin S2-1
Add Pin To Net: Unknown Pin: Pin S2-2
Add Pin To Net: Unknown Pin: Pin S2-3
Add Pin To Net: Unknown Pin: Pin S2-4
Added Member To Class: ClassName=Base Board Member=Component R9 1K
Add Class Member: Failed to add class member : Component S1 EVQPUC02K
Add Class Member: Failed to add class member : Component S2 EVQPUC02K
