Removed Pin From Net: NetName=5V Pin=U2-2
Removed Pin From Net: NetName=5V Pin=U2-4
Added Component: Designator=SW(SW_MLL1200S)
Add component (AddParameter): Name = "Comment_1"; Value = ""; VariantName = "[No Variations]"
Add component (AddParameter): Name = "Digi-Key_Part_Number"; Value = "450-1577-ND"; VariantName = "[No Variations]"
Add component (AddParameter): Name = "Digi-Key_Purchase_URL"; Value = "https://www.digikey.lt/product-detail/en/te-connectivity-alcoswitch-switches/MLL1200S/450-1577-ND/1201378?utm_source=snapeda&utm_medium=aggregator&utm_campaign=symbol"; VariantName = "[No Variations]"
Add component (AddParameter): Name = "MF"; Value = "TE Connectivity"; VariantName = "[No Variations]"
Add component (AddParameter): Name = "MP"; Value = "MLL1200S"; VariantName = "[No Variations]"
Add component (AddParameter): Name = "Package"; Value = "None"; VariantName = "[No Variations]"
Add component (AddParameter): Name = "SnapEDA_Link"; Value = "https://www.snapeda.com/parts/MLL1200S/TE%20Connectivity%20ALCOSWITCH%20Switches/view-part/1494234/?ref=snap"; VariantName = "[No Variations]"
Add component (AddParameter): Name = "TE_purchase_URL"; Value = "https://www.te.com/usa-en/product-1437575-1.html?te_bu=Cor&te_type=disp&te_campaign=seda_glo_cor-seda-global-disp-prtnr-fy19-seda-model-bom-cta_sma-317_1&elqCampaignId=32493"; VariantName = "[No Variations]"
Add component (AddParameter): Name = "Value"; Value = ""; VariantName = "[No Variations]"
Added Pin To Net: NetName=5V Pin=SW-2
Added Pin To Net: NetName=GND Pin=SW-G1
Added Pin To Net: NetName=GND Pin=SW-G2
Added Pin To Net: NetName=GND Pin=SW-G3
Added Pin To Net: NetName=GND Pin=SW-G4
Added Pin To Net: NetName=POWER ON Pin=SW-3
Added Pin To Net: NetName=POWER ON Pin=U2-2
Added Pin To Net: NetName=POWER ON Pin=U2-4
Added Net: Name=POWER ON
Added Member To Class: ClassName=Base Board Member=Component SW 1437575-1
