Added Component: Designator=R1(R0603)
Add component (AddParameter): Name = "Digikey Part"; Value = ""; VariantName = "[No Variations]"
Add component (AddParameter): Name = "LCSC Part"; Value = ""; VariantName = "[No Variations]"
Add component (AddParameter): Name = "MF"; Value = ""; VariantName = "[No Variations]"
Add component (AddParameter): Name = "Mouser Part"; Value = ""; VariantName = "[No Variations]"
Add component (AddParameter): Name = "MP"; Value = ""; VariantName = "[No Variations]"
Add component (AddParameter): Name = "Package"; Value = "0603"; VariantName = "[No Variations]"
Add component (AddParameter): Name = "Value"; Value = "4.7K"; VariantName = "[No Variations]"
Added Component: Designator=R2(R0603)
Add component (AddParameter): Name = "Digikey Part"; Value = ""; VariantName = "[No Variations]"
Add component (AddParameter): Name = "LCSC Part"; Value = ""; VariantName = "[No Variations]"
Add component (AddParameter): Name = "MF"; Value = ""; VariantName = "[No Variations]"
Add component (AddParameter): Name = "Mouser Part"; Value = ""; VariantName = "[No Variations]"
Add component (AddParameter): Name = "MP"; Value = ""; VariantName = "[No Variations]"
Add component (AddParameter): Name = "Package"; Value = "0603"; VariantName = "[No Variations]"
Add component (AddParameter): Name = "Value"; Value = "4.7K"; VariantName = "[No Variations]"
Added Component: Designator=R3(R0603)
Add component (AddParameter): Name = "Digikey Part"; Value = ""; VariantName = "[No Variations]"
Add component (AddParameter): Name = "LCSC Part"; Value = ""; VariantName = "[No Variations]"
Add component (AddParameter): Name = "MF"; Value = ""; VariantName = "[No Variations]"
Add component (AddParameter): Name = "Mouser Part"; Value = ""; VariantName = "[No Variations]"
Add component (AddParameter): Name = "MP"; Value = ""; VariantName = "[No Variations]"
Add component (AddParameter): Name = "Package"; Value = "0603"; VariantName = "[No Variations]"
Add component (AddParameter): Name = "Value"; Value = "10K"; VariantName = "[No Variations]"
Added Component: Designator=R4(R0603)
Add component (AddParameter): Name = "Digikey Part"; Value = ""; VariantName = "[No Variations]"
Add component (AddParameter): Name = "LCSC Part"; Value = ""; VariantName = "[No Variations]"
Add component (AddParameter): Name = "MF"; Value = ""; VariantName = "[No Variations]"
Add component (AddParameter): Name = "Mouser Part"; Value = ""; VariantName = "[No Variations]"
Add component (AddParameter): Name = "MP"; Value = ""; VariantName = "[No Variations]"
Add component (AddParameter): Name = "Package"; Value = "0603"; VariantName = "[No Variations]"
Add component (AddParameter): Name = "Value"; Value = "10K"; VariantName = "[No Variations]"
Added Component: Designator=R5(R0603)
Add component (AddParameter): Name = "Digikey Part"; Value = ""; VariantName = "[No Variations]"
Add component (AddParameter): Name = "LCSC Part"; Value = ""; VariantName = "[No Variations]"
Add component (AddParameter): Name = "MF"; Value = ""; VariantName = "[No Variations]"
Add component (AddParameter): Name = "Mouser Part"; Value = ""; VariantName = "[No Variations]"
Add component (AddParameter): Name = "MP"; Value = ""; VariantName = "[No Variations]"
Add component (AddParameter): Name = "Package"; Value = "0603"; VariantName = "[No Variations]"
Add component (AddParameter): Name = "Value"; Value = "4.7K"; VariantName = "[No Variations]"
Added Component: Designator=R6(R0603)
Add component (AddParameter): Name = "Digikey Part"; Value = ""; VariantName = "[No Variations]"
Add component (AddParameter): Name = "LCSC Part"; Value = ""; VariantName = "[No Variations]"
Add component (AddParameter): Name = "MF"; Value = ""; VariantName = "[No Variations]"
Add component (AddParameter): Name = "Mouser Part"; Value = ""; VariantName = "[No Variations]"
Add component (AddParameter): Name = "MP"; Value = ""; VariantName = "[No Variations]"
Add component (AddParameter): Name = "Package"; Value = "0603"; VariantName = "[No Variations]"
Add component (AddParameter): Name = "Value"; Value = "4.7K"; VariantName = "[No Variations]"
Added Component: Designator=R7(R0603)
Add component (AddParameter): Name = "Digikey Part"; Value = ""; VariantName = "[No Variations]"
Add component (AddParameter): Name = "LCSC Part"; Value = ""; VariantName = "[No Variations]"
Add component (AddParameter): Name = "MF"; Value = ""; VariantName = "[No Variations]"
Add component (AddParameter): Name = "Mouser Part"; Value = ""; VariantName = "[No Variations]"
Add component (AddParameter): Name = "MP"; Value = ""; VariantName = "[No Variations]"
Add component (AddParameter): Name = "Package"; Value = "0603"; VariantName = "[No Variations]"
Add component (AddParameter): Name = "Value"; Value = "1K"; VariantName = "[No Variations]"
Added Component: Designator=R8(R0603)
Add component (AddParameter): Name = "Digikey Part"; Value = ""; VariantName = "[No Variations]"
Add component (AddParameter): Name = "LCSC Part"; Value = ""; VariantName = "[No Variations]"
Add component (AddParameter): Name = "MF"; Value = ""; VariantName = "[No Variations]"
Add component (AddParameter): Name = "Mouser Part"; Value = ""; VariantName = "[No Variations]"
Add component (AddParameter): Name = "MP"; Value = ""; VariantName = "[No Variations]"
Add component (AddParameter): Name = "Package"; Value = "0603"; VariantName = "[No Variations]"
Add component (AddParameter): Name = "Value"; Value = "1K"; VariantName = "[No Variations]"
Add Component: Footprint Not Found RESC0603X28N
Add Component: Footprint Not Found EVQPUC02K
Add Component: Footprint Not Found EVQPUC02K
Added Pin To Net: NetName=SCL Pin=R1-1
Added Pin To Net: NetName=+3.3V Pin=R1-2
Added Pin To Net: NetName=SDA Pin=R2-1
Added Pin To Net: NetName=+3.3V Pin=R2-2
Added Pin To Net: NetName=NetR3_1 Pin=R3-1
Added Pin To Net: NetName=+3.3V Pin=R3-2
Added Pin To Net: NetName=GND Pin=R4-1
Added Pin To Net: NetName=NetR4_2 Pin=R4-2
Added Pin To Net: NetName=SCL Pin=R5-1
Added Pin To Net: NetName=+3.3V Pin=R5-2
Added Pin To Net: NetName=SDA Pin=R6-1
Added Pin To Net: NetName=+3.3V Pin=R6-2
Added Pin To Net: NetName=+3.3V Pin=R7-1
Added Pin To Net: NetName=BTN1 Pin=R7-2
Added Pin To Net: NetName=+3.3V Pin=R8-1
Added Pin To Net: NetName=BTN2 Pin=R8-2
Add Pin To Net: Unknown Pin: Pin R9-1
Add Pin To Net: Unknown Pin: Pin R9-2
Add Pin To Net: Unknown Pin: Pin S1-1
Add Pin To Net: Unknown Pin: Pin S1-2
Add Pin To Net: Unknown Pin: Pin S1-3
Add Pin To Net: Unknown Pin: Pin S1-4
Add Pin To Net: Unknown Pin: Pin S2-1
Add Pin To Net: Unknown Pin: Pin S2-2
Add Pin To Net: Unknown Pin: Pin S2-3
Add Pin To Net: Unknown Pin: Pin S2-4
Added Member To Class: ClassName=Base Board Member=Component R1 4.7K
Added Member To Class: ClassName=Base Board Member=Component R2 4.7K
Added Member To Class: ClassName=Base Board Member=Component R3 10K
Added Member To Class: ClassName=Base Board Member=Component R4 10K
Added Member To Class: ClassName=Base Board Member=Component R5 4.7K
Added Member To Class: ClassName=Base Board Member=Component R6 4.7K
Added Member To Class: ClassName=Base Board Member=Component R7 1K
Added Member To Class: ClassName=Base Board Member=Component R8 1K
Add Class Member: Failed to add class member : Component R9 1K
Add Class Member: Failed to add class member : Component S1 EVQPUC02K
Add Class Member: Failed to add class member : Component S2 EVQPUC02K
