Added Component: Designator=C13(CAPC1608X90)
Add component (AddParameter): Name = "Digi-Key_Part_Number"; Value = ""; VariantName = "[No Variations]"
Add component (AddParameter): Name = "MF"; Value = ""; VariantName = "[No Variations]"
Add component (AddParameter): Name = "MP"; Value = ""; VariantName = "[No Variations]"
Add component (AddParameter): Name = "Package"; Value = "0603"; VariantName = "[No Variations]"
Add component (AddParameter): Name = "Value"; Value = "0.1uF"; VariantName = "[No Variations]"
Added Component: Designator=R29(R0603)
Add component (AddParameter): Name = "Digikey Part"; Value = ""; VariantName = "[No Variations]"
Add component (AddParameter): Name = "LCSC Part"; Value = ""; VariantName = "[No Variations]"
Add component (AddParameter): Name = "MF"; Value = ""; VariantName = "[No Variations]"
Add component (AddParameter): Name = "Mouser Part"; Value = ""; VariantName = "[No Variations]"
Add component (AddParameter): Name = "MP"; Value = ""; VariantName = "[No Variations]"
Add component (AddParameter): Name = "Package"; Value = "0603"; VariantName = "[No Variations]"
Add component (AddParameter): Name = "Value"; Value = "4.7K"; VariantName = "[No Variations]"
Added Component: Designator=R30(R0603)
Add component (AddParameter): Name = "Digikey Part"; Value = ""; VariantName = "[No Variations]"
Add component (AddParameter): Name = "LCSC Part"; Value = ""; VariantName = "[No Variations]"
Add component (AddParameter): Name = "MF"; Value = ""; VariantName = "[No Variations]"
Add component (AddParameter): Name = "Mouser Part"; Value = ""; VariantName = "[No Variations]"
Add component (AddParameter): Name = "MP"; Value = ""; VariantName = "[No Variations]"
Add component (AddParameter): Name = "Package"; Value = "0603"; VariantName = "[No Variations]"
Add component (AddParameter): Name = "Value"; Value = "4.7K"; VariantName = "[No Variations]"
Added Component: Designator=U7(IC_ADS1115IRUGR)
Add component (AddParameter): Name = "Availability"; Value = "In Stock"; VariantName = "[No Variations]"
Add component (AddParameter): Name = "Check_prices"; Value = "https://www.snapeda.com/parts/ADS1115IRUGR/Texas+Instruments/view-part/?ref=eda"; VariantName = "[No Variations]"
Add component (AddParameter): Name = "MF"; Value = "Texas Instruments"; VariantName = "[No Variations]"
Add component (AddParameter): Name = "MP"; Value = "ADS1115IRUGR"; VariantName = "[No Variations]"
Add component (AddParameter): Name = "Package"; Value = "X2QFN-10 Texas Instruments"; VariantName = "[No Variations]"
Add component (AddParameter): Name = "Price"; Value = "None"; VariantName = "[No Variations]"
Add component (AddParameter): Name = "Purchase-URL"; Value = "https://pricing.snapeda.com/search/part/ADS1115IRUGR/?ref=eda"; VariantName = "[No Variations]"
Add component (AddParameter): Name = "SnapEDA_Link"; Value = "https://www.snapeda.com/parts/ADS1115IRUGR/Texas+Instruments/view-part/?ref=snap"; VariantName = "[No Variations]"
Add component (AddParameter): Name = "Value"; Value = ""; VariantName = "[No Variations]"
Added Pin To Net: NetName=+3.3V Pin=C13-1
Added Pin To Net: NetName=GND Pin=C13-2
Added Pin To Net: NetName=SCL Pin=R29-1
Added Pin To Net: NetName=+3.3V Pin=R29-2
Added Pin To Net: NetName=SDA Pin=R30-1
Added Pin To Net: NetName=+3.3V Pin=R30-2
Added Pin To Net: NetName=GND Pin=U7-1
Added Pin To Net: NetName=GND Pin=U7-3
Added Pin To Net: NetName=SIG_OUT Pin=U7-4
Added Pin To Net: NetName=+3.3V Pin=U7-8
Added Pin To Net: NetName=SDA Pin=U7-9
Added Pin To Net: NetName=SCL Pin=U7-10
Added Member To Class: ClassName=Base Board Member=Component C13 0.1uF
Added Member To Class: ClassName=Base Board Member=Component R29 4.7K
Added Member To Class: ClassName=Base Board Member=Component R30 4.7K
Added Member To Class: ClassName=Base Board Member=Component U7 ADS1115IRUGR
